2024-04-11 18:48:50,609 [INFO] Activator:176 - 


2024-04-11 18:48:50,611 [INFO] Activator:177 - !SESSION log4j initialized
2024-04-11 18:48:53,482 [INFO] LogOutputStream:77 - [STDOUT_REDIRECT] 
2024-04-11 18:48:55,529 [INFO] ApplicationProperties:184 - Using Application install path: C:\ST\STM32CubeIDE_1.9.0\STM32CubeIDE\plugins\com.st.stm32cube.common.mx_6.11.0.202403141607
2024-04-11 18:48:55,544 [INFO] DbMcusXml:78 - Set database path to: C:\ST\STM32CubeIDE_1.9.0\STM32CubeIDE\plugins\com.st.stm32cube.common.mx_6.11.0.202403141607\\db\/mcu/
2024-04-11 18:48:55,544 [INFO] ApiDb:274 - Set plugin database path to: C:\ST\STM32CubeIDE_1.9.0\STM32CubeIDE\plugins\com.st.stm32cube.common.mx_6.11.0.202403141607\\db\/plugins/boardmanager/
2024-04-11 18:48:55,544 [WARN] ApiDb:259 - Overriding images path with different value:  => C:\ST\STM32CubeIDE_1.9.0\STM32CubeIDE\plugins\com.st.stm32cube.common.mx_6.11.0.202403141607\\db\/plugins/mcufinder/images/
2024-04-11 18:48:55,549 [INFO] ApiDb:250 - Set database path to: C:\Users\Georg\.stmcufinder\plugins\mcufinder//mcu/
2024-04-11 18:48:55,550 [INFO] DbMcusAds:125 - Set database path to: C:\Users\Georg\.stmcufinder\plugins\mcufinder//mcu/
2024-04-11 18:48:55,552 [INFO] CrossReferenceDbSqlite:203 - Set database path to: C:\Users\Georg\.stmcufinder\plugins\mcufinder//mcu/cs/
2024-04-11 18:48:55,648 [INFO] RulesReader:64 - Compatibility file has been processed (297 Rules)
2024-04-11 18:48:55,711 [INFO] DbMcusXml:78 - Set database path to: C:\ST\STM32CubeIDE_1.9.0\STM32CubeIDE\plugins\com.st.stm32cube.common.mx_6.11.0.202403141607\\db\/mcu/
2024-04-11 18:48:55,711 [INFO] ApiDb:274 - Set plugin database path to: C:\ST\STM32CubeIDE_1.9.0\STM32CubeIDE\plugins\com.st.stm32cube.common.mx_6.11.0.202403141607\\db\/plugins/boardmanager/
2024-04-11 18:48:55,711 [INFO] ApiDb:261 - Set plugin images path to: C:\ST\STM32CubeIDE_1.9.0\STM32CubeIDE\plugins\com.st.stm32cube.common.mx_6.11.0.202403141607\\db\/plugins/mcufinder/images/
2024-04-11 18:48:55,711 [WARN] DbFile:41 - Overriding database path with different value: C:\Users\Georg\.stmcufinder\plugins\mcufinder/ => C:\Users\Georg\.stmcufinder\plugins\mcufinder
2024-04-11 18:48:55,711 [INFO] ApiDb:250 - Set database path to: C:\Users\Georg\.stmcufinder\plugins\mcufinder//mcu/
2024-04-11 18:48:55,711 [WARN] DbFile:41 - Overriding database path with different value: C:\Users\Georg\.stmcufinder\plugins\mcufinder/ => C:\Users\Georg\.stmcufinder\plugins\mcufinder
2024-04-11 18:48:55,712 [INFO] DbMcusAds:125 - Set database path to: C:\Users\Georg\.stmcufinder\plugins\mcufinder//mcu/
2024-04-11 18:48:55,712 [WARN] DbFile:41 - Overriding database path with different value: C:\Users\Georg\.stmcufinder\plugins\mcufinder/ => C:\Users\Georg\.stmcufinder\plugins\mcufinder
2024-04-11 18:48:55,712 [WARN] DbFile:41 - Overriding database path with different value: C:\Users\Georg\.stmcufinder\plugins\mcufinder/ => C:\Users\Georg\.stmcufinder\plugins\mcufinder
2024-04-11 18:48:55,712 [INFO] CrossReferenceDbSqlite:203 - Set database path to: C:\Users\Georg\.stmcufinder\plugins\mcufinder//mcu/cs/
2024-04-11 18:48:55,780 [INFO] MainPanel:264 - HeapMemory: 268435456
2024-04-11 18:48:55,843 [INFO] DbMcusXml:78 - Set database path to: C:\ST\STM32CubeIDE_1.9.0\STM32CubeIDE\plugins\com.st.stm32cube.common.mx_6.11.0.202403141607\\db\/mcu/
2024-04-11 18:48:55,843 [INFO] ApiDb:274 - Set plugin database path to: C:\ST\STM32CubeIDE_1.9.0\STM32CubeIDE\plugins\com.st.stm32cube.common.mx_6.11.0.202403141607\\db\/plugins/boardmanager/
2024-04-11 18:48:55,843 [INFO] ApiDb:261 - Set plugin images path to: C:\ST\STM32CubeIDE_1.9.0\STM32CubeIDE\plugins\com.st.stm32cube.common.mx_6.11.0.202403141607\\db\/plugins/mcufinder/images/
2024-04-11 18:48:55,843 [WARN] DbFile:41 - Overriding database path with different value: C:\Users\Georg\.stmcufinder\plugins\mcufinder/ => C:\Users\Georg\.stmcufinder\plugins\mcufinder
2024-04-11 18:48:55,843 [INFO] ApiDb:250 - Set database path to: C:\Users\Georg\.stmcufinder\plugins\mcufinder//mcu/
2024-04-11 18:48:55,844 [WARN] DbFile:41 - Overriding database path with different value: C:\Users\Georg\.stmcufinder\plugins\mcufinder/ => C:\Users\Georg\.stmcufinder\plugins\mcufinder
2024-04-11 18:48:55,844 [INFO] DbMcusAds:125 - Set database path to: C:\Users\Georg\.stmcufinder\plugins\mcufinder//mcu/
2024-04-11 18:48:55,844 [WARN] DbFile:41 - Overriding database path with different value: C:\Users\Georg\.stmcufinder\plugins\mcufinder/ => C:\Users\Georg\.stmcufinder\plugins\mcufinder
2024-04-11 18:48:55,844 [WARN] DbFile:41 - Overriding database path with different value: C:\Users\Georg\.stmcufinder\plugins\mcufinder/ => C:\Users\Georg\.stmcufinder\plugins\mcufinder
2024-04-11 18:48:55,844 [INFO] CrossReferenceDbSqlite:203 - Set database path to: C:\Users\Georg\.stmcufinder\plugins\mcufinder//mcu/cs/
2024-04-11 18:48:55,857 [INFO] ApplicationProperties:184 - Using Application install path: C:\ST\STM32CubeIDE_1.9.0\STM32CubeIDE\plugins\com.st.stm32cube.common.mx_6.11.0.202403141607
2024-04-11 18:48:55,859 [INFO] PluginManage:196 - Search for loadable plugins [exclusion list=, ]
2024-04-11 18:48:55,860 [INFO] PluginManage:310 - Check plugin analytics
2024-04-11 18:48:56,014 [INFO] AnalyticsPlugin:253 - Accepted Software Licenses: 
2024-04-11 18:48:56,014 [INFO] AnalyticsPlugin:255 - Accepted CMSIS Pack Licenses: 
2024-04-11 18:48:56,015 [INFO] AnalyticsPlugin:257 - Accepted Firmware Licenses: 
2024-04-11 18:48:56,017 [INFO] PluginManage:359 - Loaded plugin analytics (category:tool,tabindex:-1)
2024-04-11 18:48:56,017 [INFO] PluginManage:310 - Check plugin cadmodel
2024-04-11 18:48:56,021 [INFO] CADModel:105 - Init CAD model plugin
2024-04-11 18:48:56,021 [INFO] PluginManage:359 - Loaded plugin cadmodel (category:power,tabindex:5)
2024-04-11 18:48:56,021 [INFO] PluginManage:310 - Check plugin clock
2024-04-11 18:48:56,032 [INFO] PluginManage:359 - Loaded plugin clock (category:base,tabindex:2)
2024-04-11 18:48:56,033 [INFO] PluginManage:310 - Check plugin ddr
2024-04-11 18:48:56,036 [INFO] PluginManage:359 - Loaded plugin ddr (category:tool,tabindex:6)
2024-04-11 18:48:56,036 [INFO] PluginManage:310 - Check plugin filemanager
2024-04-11 18:48:56,160 [INFO] PluginManage:359 - Loaded plugin filemanager (category:base,tabindex:10)
2024-04-11 18:48:56,160 [INFO] PluginManage:310 - Check plugin ipmanager
2024-04-11 18:48:56,167 [INFO] PluginManage:359 - Loaded plugin ipmanager (category:base,tabindex:5)
2024-04-11 18:48:56,168 [INFO] PluginManage:310 - Check plugin lpbam
2024-04-11 18:48:56,190 [INFO] PluginManage:359 - Loaded plugin lpbam (category:base,tabindex:0)
2024-04-11 18:48:56,190 [INFO] PluginManage:310 - Check plugin memorymap
2024-04-11 18:48:56,234 [INFO] PluginManage:359 - Loaded plugin memorymap (category:base,tabindex:4)
2024-04-11 18:48:56,234 [INFO] PluginManage:310 - Check plugin pinoutandconfiguration
2024-04-11 18:48:56,252 [INFO] PluginManage:359 - Loaded plugin pinoutandconfiguration (category:base,tabindex:1)
2024-04-11 18:48:56,252 [INFO] PluginManage:310 - Check plugin pinoutconfig
2024-04-11 18:48:56,318 [WARN] SupportedApi:132 - Cannot load RTOS API schema: s4s-elt-must-match.1: The content of 'definitions' must match (annotation?, (simpleType | complexType)?, (unique | key | keyref)*)). A problem was found starting at: attribute.
2024-04-11 18:48:56,432 [INFO] PluginManage:359 - Loaded plugin pinoutconfig (category:base,tabindex:0)
2024-04-11 18:48:56,432 [INFO] PluginManage:310 - Check plugin power
2024-04-11 18:48:56,439 [INFO] PluginManage:359 - Loaded plugin power (category:power,tabindex:4)
2024-04-11 18:48:56,440 [INFO] PluginManage:310 - Check plugin projectmanager
2024-04-11 18:48:56,453 [INFO] PluginManage:359 - Loaded plugin projectmanager (category:projectmanager,tabindex:3)
2024-04-11 18:48:56,453 [INFO] PluginManage:310 - Check plugin thirdparty
2024-04-11 18:48:56,558 [INFO] PluginManage:359 - Loaded plugin thirdparty (category:base,tabindex:-1)
2024-04-11 18:48:56,558 [INFO] PluginManage:310 - Check plugin tools
2024-04-11 18:48:56,558 [WARN] IntegrityCheckThread:84 - waiting for thirdparty lock release [integrity check]
2024-04-11 18:48:56,558 [INFO] IntegrityCheckThread:86 - entering critical section [integrity check]
2024-04-11 18:48:56,558 [INFO] ThirdPartyUpdaterWithRetryManager:70 - Updater plugin not ready yet. [1/15]
2024-04-11 18:48:56,561 [INFO] PluginManage:359 - Loaded plugin tools (category:base,tabindex:7)
2024-04-11 18:48:56,561 [INFO] PluginManage:310 - Check plugin tutovideos
2024-04-11 18:48:56,714 [INFO] PluginManage:359 - Loaded plugin tutovideos (category:base,tabindex:-1)
2024-04-11 18:48:56,715 [INFO] PluginManage:310 - Check plugin updater
2024-04-11 18:48:56,723 [INFO] PluginManage:359 - Loaded plugin updater (category:base,tabindex:12)
2024-04-11 18:48:56,723 [INFO] PluginManage:310 - Check plugin userauth
2024-04-11 18:48:56,727 [INFO] UserAuth:114 - Init User Auth plugin
2024-04-11 18:48:56,727 [INFO] PluginManage:359 - Loaded plugin userauth (category:base,tabindex:14)
2024-04-11 18:48:56,728 [INFO] PluginManage:283 - PluginManage : Loaded plugins [17]
2024-04-11 18:48:56,900 [INFO] PinOutPanel:1561 - setPackage(No Configuration,No Configuration)
2024-04-11 18:48:56,960 [INFO] CADModel:165 - CPN selected for project level
2024-04-11 18:48:56,960 [INFO] CADModel:114 - Register for checkConnection events
2024-04-11 18:48:56,976 [INFO] IPUIPlugin:80 - create IPUIPlugin
2024-04-11 18:48:56,976 [INFO] PluginManager:220 - loadIPPluginJar : add adc
2024-04-11 18:48:56,978 [INFO] IPUIPlugin:80 - create IPUIPlugin
2024-04-11 18:48:56,978 [INFO] PluginManager:220 - loadIPPluginJar : add aes
2024-04-11 18:48:56,982 [INFO] IPUIPlugin:80 - create IPUIPlugin
2024-04-11 18:48:56,982 [INFO] PluginManager:220 - loadIPPluginJar : add can
2024-04-11 18:48:56,983 [INFO] IPUIPlugin:80 - create IPUIPlugin
2024-04-11 18:48:56,983 [INFO] PluginManager:220 - loadIPPluginJar : add comp
2024-04-11 18:48:56,986 [INFO] IPUIPlugin:80 - create IPUIPlugin
2024-04-11 18:48:56,986 [INFO] PluginManager:220 - loadIPPluginJar : add cryp
2024-04-11 18:48:56,988 [INFO] IPUIPlugin:80 - create IPUIPlugin
2024-04-11 18:48:56,988 [INFO] PluginManager:220 - loadIPPluginJar : add dfsdm
2024-04-11 18:48:56,992 [INFO] IPUIPlugin:80 - create IPUIPlugin
2024-04-11 18:48:56,993 [INFO] PluginManager:220 - loadIPPluginJar : add dma
2024-04-11 18:48:56,994 [INFO] IPUIPlugin:80 - create IPUIPlugin
2024-04-11 18:48:56,995 [INFO] PluginManager:220 - loadIPPluginJar : add dma3
2024-04-11 18:48:56,997 [INFO] IPUIPlugin:80 - create IPUIPlugin
2024-04-11 18:48:56,997 [INFO] PluginManager:220 - loadIPPluginJar : add extmemmanager
2024-04-11 18:48:56,998 [INFO] IPUIPlugin:80 - create IPUIPlugin
2024-04-11 18:48:56,998 [INFO] PluginManager:220 - loadIPPluginJar : add fatfs
2024-04-11 18:48:57,002 [INFO] IPUIPlugin:80 - create IPUIPlugin
2024-04-11 18:48:57,002 [INFO] PluginManager:220 - loadIPPluginJar : add fmc
2024-04-11 18:48:57,007 [INFO] IPUIPlugin:80 - create IPUIPlugin
2024-04-11 18:48:57,007 [INFO] PluginManager:220 - loadIPPluginJar : add freertos
2024-04-11 18:48:57,008 [INFO] IPUIPlugin:80 - create IPUIPlugin
2024-04-11 18:48:57,008 [INFO] PluginManager:220 - loadIPPluginJar : add genericplugin
2024-04-11 18:48:57,010 [INFO] IPUIPlugin:80 - create IPUIPlugin
2024-04-11 18:48:57,010 [INFO] PluginManager:220 - loadIPPluginJar : add gfxmmu
2024-04-11 18:48:57,014 [INFO] IPUIPlugin:80 - create IPUIPlugin
2024-04-11 18:48:57,015 [INFO] PluginManager:220 - loadIPPluginJar : add gic
2024-04-11 18:48:57,018 [INFO] IPUIPlugin:80 - create IPUIPlugin
2024-04-11 18:48:57,018 [INFO] PluginManager:220 - loadIPPluginJar : add gpio
2024-04-11 18:48:57,020 [INFO] IPUIPlugin:80 - create IPUIPlugin
2024-04-11 18:48:57,020 [INFO] PluginManager:220 - loadIPPluginJar : add gtzc
2024-04-11 18:48:57,022 [INFO] IPUIPlugin:80 - create IPUIPlugin
2024-04-11 18:48:57,023 [INFO] PluginManager:220 - loadIPPluginJar : add hash
2024-04-11 18:48:57,025 [INFO] IPUIPlugin:80 - create IPUIPlugin
2024-04-11 18:48:57,025 [INFO] PluginManager:220 - loadIPPluginJar : add i2c
2024-04-11 18:48:57,027 [INFO] IPUIPlugin:80 - create IPUIPlugin
2024-04-11 18:48:57,027 [INFO] PluginManager:220 - loadIPPluginJar : add i2s
2024-04-11 18:48:57,029 [INFO] IPUIPlugin:80 - create IPUIPlugin
2024-04-11 18:48:57,029 [INFO] PluginManager:220 - loadIPPluginJar : add i3c
2024-04-11 18:48:57,033 [INFO] IPUIPlugin:80 - create IPUIPlugin
2024-04-11 18:48:57,033 [INFO] PluginManager:220 - loadIPPluginJar : add ipddr
2024-04-11 18:48:57,038 [INFO] IPUIPlugin:80 - create IPUIPlugin
2024-04-11 18:48:57,039 [INFO] PluginManager:220 - loadIPPluginJar : add linkedlist
2024-04-11 18:48:57,041 [INFO] IPUIPlugin:80 - create IPUIPlugin
2024-04-11 18:48:57,041 [INFO] PluginManager:220 - loadIPPluginJar : add lorawan
2024-04-11 18:48:57,042 [INFO] IPUIPlugin:80 - create IPUIPlugin
2024-04-11 18:48:57,043 [INFO] PluginManager:220 - loadIPPluginJar : add ltdc
2024-04-11 18:48:57,048 [INFO] IPUIPlugin:80 - create IPUIPlugin
2024-04-11 18:48:57,049 [INFO] PluginManager:220 - loadIPPluginJar : add mdma
2024-04-11 18:48:57,051 [INFO] IPUIPlugin:80 - create IPUIPlugin
2024-04-11 18:48:57,051 [INFO] PluginManager:220 - loadIPPluginJar : add nvic
2024-04-11 18:48:57,054 [INFO] IPUIPlugin:80 - create IPUIPlugin
2024-04-11 18:48:57,054 [INFO] PluginManager:220 - loadIPPluginJar : add opamp
2024-04-11 18:48:57,056 [INFO] IPUIPlugin:80 - create IPUIPlugin
2024-04-11 18:48:57,056 [INFO] PluginManager:220 - loadIPPluginJar : add openamp
2024-04-11 18:48:57,059 [INFO] IPUIPlugin:80 - create IPUIPlugin
2024-04-11 18:48:57,059 [INFO] PluginManager:220 - loadIPPluginJar : add pdm2pcm
2024-04-11 18:48:57,064 [INFO] IPUIPlugin:80 - create IPUIPlugin
2024-04-11 18:48:57,066 [INFO] PluginManager:220 - loadIPPluginJar : add plateformsettings
2024-04-11 18:48:57,068 [INFO] IPUIPlugin:80 - create IPUIPlugin
2024-04-11 18:48:57,068 [INFO] PluginManager:220 - loadIPPluginJar : add quadspi
2024-04-11 18:48:57,071 [INFO] IPUIPlugin:80 - create IPUIPlugin
2024-04-11 18:48:57,071 [INFO] PluginManager:220 - loadIPPluginJar : add resmgrutility
2024-04-11 18:48:57,073 [INFO] IPUIPlugin:80 - create IPUIPlugin
2024-04-11 18:48:57,073 [INFO] PluginManager:220 - loadIPPluginJar : add sai
2024-04-11 18:48:57,076 [INFO] IPUIPlugin:80 - create IPUIPlugin
2024-04-11 18:48:57,076 [INFO] PluginManager:220 - loadIPPluginJar : add spi
2024-04-11 18:48:57,080 [INFO] IPUIPlugin:80 - create IPUIPlugin
2024-04-11 18:48:57,080 [INFO] PluginManager:220 - loadIPPluginJar : add stm32_wpan
2024-04-11 18:48:57,082 [INFO] IPUIPlugin:80 - create IPUIPlugin
2024-04-11 18:48:57,082 [INFO] PluginManager:220 - loadIPPluginJar : add tim
2024-04-11 18:48:57,085 [INFO] IPUIPlugin:80 - create IPUIPlugin
2024-04-11 18:48:57,085 [INFO] PluginManager:220 - loadIPPluginJar : add touchsensing
2024-04-11 18:48:57,087 [INFO] IPUIPlugin:80 - create IPUIPlugin
2024-04-11 18:48:57,087 [INFO] PluginManager:220 - loadIPPluginJar : add tracer_emb
2024-04-11 18:48:57,089 [INFO] IPUIPlugin:80 - create IPUIPlugin
2024-04-11 18:48:57,089 [INFO] PluginManager:220 - loadIPPluginJar : add ts
2024-04-11 18:48:57,091 [INFO] IPUIPlugin:80 - create IPUIPlugin
2024-04-11 18:48:57,091 [INFO] PluginManager:220 - loadIPPluginJar : add tsc
2024-04-11 18:48:57,092 [INFO] IPUIPlugin:80 - create IPUIPlugin
2024-04-11 18:48:57,093 [INFO] PluginManager:220 - loadIPPluginJar : add ucpd
2024-04-11 18:48:57,095 [INFO] IPUIPlugin:80 - create IPUIPlugin
2024-04-11 18:48:57,095 [INFO] PluginManager:220 - loadIPPluginJar : add usart
2024-04-11 18:48:57,098 [INFO] IPUIPlugin:80 - create IPUIPlugin
2024-04-11 18:48:57,098 [INFO] PluginManager:220 - loadIPPluginJar : add usbx
2024-04-11 18:48:57,219 [INFO] CADModel:165 - CPN selected for project level
2024-04-11 18:48:57,219 [INFO] CADModel:114 - Register for checkConnection events
2024-04-11 18:48:57,219 [FATAL] Updater:308 - Updater called before beeing initialized
2024-04-11 18:48:57,219 [ERROR] CADModel:125 - Updater not yet initialized, retry later 
2024-04-11 18:48:57,333 [INFO] CADModel:165 - CPN selected for project level
2024-04-11 18:48:57,333 [INFO] CADModel:114 - Register for checkConnection events
2024-04-11 18:48:57,334 [FATAL] Updater:308 - Updater called before beeing initialized
2024-04-11 18:48:57,334 [ERROR] CADModel:125 - Updater not yet initialized, retry later 
2024-04-11 18:48:57,336 [FATAL] Updater:308 - Updater called before beeing initialized
2024-04-11 18:48:57,418 [FATAL] Updater:308 - Updater called before beeing initialized
2024-04-11 18:48:57,421 [INFO] DbMcusAds:53 - JSON generation date=Wed Nov 29 13:52:27 MSK 2023 (1701255147349)
2024-04-11 18:48:57,422 [FATAL] Updater:308 - Updater called before beeing initialized
2024-04-11 18:48:57,449 [WARN] DetailPanel:346 - Failed to get advertising image, set to default
2024-04-11 18:48:57,529 [FATAL] Updater:308 - Updater called before beeing initialized
2024-04-11 18:48:57,531 [FATAL] Updater:308 - Updater called before beeing initialized
2024-04-11 18:48:57,531 [FATAL] Updater:308 - Updater called before beeing initialized
2024-04-11 18:48:57,531 [WARN] DetailPanel:346 - Failed to get advertising image, set to default
2024-04-11 18:48:57,532 [FATAL] Updater:308 - Updater called before beeing initialized
2024-04-11 18:48:57,574 [ERROR] Updater:1120 - MainUpdater not yet initialized. External WinMGr cannot be set.
2024-04-11 18:48:57,575 [INFO] Updater:1056 - Updater Version found : 6.11.0
2024-04-11 18:48:57,592 [INFO] ApplicationProperties:184 - Using Application install path: C:\ST\STM32CubeIDE_1.9.0\STM32CubeIDE\plugins\com.st.stm32cube.common.mx_6.11.0.202403141607
2024-04-11 18:48:58,642 [INFO] MainUpdater:2873 - connection check result : 10
2024-04-11 18:48:58,643 [INFO] MainUpdater:290 - Updater Check For Update Now.
2024-04-11 18:48:58,643 [INFO] MicroXplorer:498 - Change Database Version : DB.6.0.110
2024-04-11 18:48:58,648 [INFO] McuFinderGlobals:63 - Set McuFinder mode to 2 (CubeIDE integrated)
2024-04-11 18:48:58,654 [INFO] UserAuth:415 - Internet connection configuration mode: 1
2024-04-11 18:48:58,666 [INFO] JxBrowserEngine:152 - Initiate JxBrowser Engine with user profile folder
2024-04-11 18:48:58,815 [INFO] CheckServerUpdateThread:120 - End of CheckServer Thread
2024-04-11 18:48:59,232 [INFO] WebApp:161 - Instantiating new browser for Auth
2024-04-11 18:48:59,717 [WARN] PackLoader:240 - Cannot read IP mode file for STMicroelectronics.X-CUBE-SMBUS.2.1.0
2024-04-11 18:48:59,724 [WARN] PackLoader:240 - Cannot read IP mode file for STMicroelectronics.X-CUBE-TOUCHGFX.4.23.2
2024-04-11 18:48:59,734 [INFO] WebApp:779 - Register for checkConnection events
2024-04-11 18:48:59,734 [INFO] WebApp:414 - Apply proxy settings
2024-04-11 18:48:59,734 [INFO] WebApp:499 - Chromium requires no authentication
2024-04-11 18:48:59,741 [INFO] WebApp:442 - Direct internet connection detected
2024-04-11 18:48:59,749 [WARN] PackLoader:240 - Cannot read IP mode file for STMicroelectronics.X-CUBE-AZRTOS-F7.1.1.0
2024-04-11 18:48:59,758 [WARN] PackLoader:240 - Cannot read IP mode file for STMicroelectronics.FP-SNS-MOTENV1.4.3.2
2024-04-11 18:48:59,765 [WARN] PackLoader:240 - Cannot read IP mode file for STMicroelectronics.FP-SNS-FLIGHT1.5.0.1
2024-04-11 18:48:59,771 [WARN] PackLoader:240 - Cannot read IP mode file for STMicroelectronics.X-CUBE-BLE1.6.2.4
2024-04-11 18:48:59,774 [WARN] PackLoader:240 - Cannot read IP mode file for STMicroelectronics.FP-SNS-FLIGHT1.5.0.2
2024-04-11 18:48:59,782 [WARN] PackLoader:240 - Cannot read IP mode file for STMicroelectronics.X-CUBE-DISPLAY.3.0.0
2024-04-11 18:48:59,789 [WARN] PackLoader:240 - Cannot read IP mode file for STMicroelectronics.X-CUBE-BLE1.7.0.0
2024-04-11 18:48:59,794 [WARN] PackLoader:240 - Cannot read IP mode file for emotas.I-CUBE-CANOPEN.1.3.0
2024-04-11 18:48:59,797 [WARN] PackLoader:240 - Cannot read IP mode file for STMicroelectronics.X-CUBE-TOUCHGFX.4.22.0
2024-04-11 18:48:59,806 [WARN] PackLoader:240 - Cannot read IP mode file for STMicroelectronics.X-CUBE-BLEMGR.3.1.0
2024-04-11 18:48:59,812 [WARN] PackLoader:240 - Cannot read IP mode file for STMicroelectronics.FP-SNS-SMARTAG2.1.2.0
2024-04-11 18:48:59,823 [INFO] LogOutputStream:77 - [STDOUT_REDIRECT] 1 : Invalid condition id : UX_CORESTACK_Condition cause : null
2024-04-11 18:48:59,824 [INFO] LogOutputStream:77 - [STDOUT_REDIRECT] 1 : Invalid condition id : UX_CORESTACK_Condition cause : null
2024-04-11 18:48:59,825 [INFO] LogOutputStream:77 - [STDOUT_REDIRECT] 1 : Invalid condition id : UX_CORESTACK_Condition cause : null
2024-04-11 18:48:59,826 [INFO] LogOutputStream:77 - [STDOUT_REDIRECT] 1 : Invalid condition id : UX_CORESTACK_Condition cause : null
2024-04-11 18:48:59,828 [INFO] LogOutputStream:77 - [STDOUT_REDIRECT] 1 : Invalid condition id : UX_CORESTACK_Condition cause : null
2024-04-11 18:48:59,832 [WARN] PackLoader:240 - Cannot read IP mode file for STMicroelectronics.X-CUBE-AZRTOS-WL.2.0.0
2024-04-11 18:48:59,836 [WARN] PackLoader:240 - Cannot read IP mode file for STMicroelectronics.FP-SNS-MOTENV1.5.0.0
2024-04-11 18:48:59,845 [WARN] PackLoader:240 - Cannot read IP mode file for WES.I-CUBE-Cesium.1.3.0
2024-04-11 18:48:59,853 [WARN] PackLoader:240 - Cannot read IP mode file for STMicroelectronics.X-CUBE-BLE2.3.3.0
2024-04-11 18:48:59,858 [WARN] PackLoader:240 - Cannot read IP mode file for STMicroelectronics.X-CUBE-TCPP.4.1.0
2024-04-11 18:48:59,867 [WARN] PackLoader:240 - Cannot read IP mode file for STMicroelectronics.X-CUBE-ALGOBUILD.1.3.0
2024-04-11 18:48:59,886 [WARN] PackLoader:240 - Cannot read IP mode file for STMicroelectronics.X-CUBE-AZRTOS-G0.1.1.0
2024-04-11 18:48:59,898 [WARN] PackLoader:240 - Cannot read IP mode file for STMicroelectronics.X-CUBE-SAFEA1.1.2.2
2024-04-11 18:48:59,904 [WARN] PackLoader:240 - Cannot read IP mode file for STMicroelectronics.X-CUBE-NFC4.3.0.0
2024-04-11 18:48:59,908 [WARN] PackLoader:240 - Cannot read IP mode file for STMicroelectronics.FP-ATR-SIGFOX1.3.2.0
2024-04-11 18:48:59,913 [WARN] PackLoader:240 - Cannot read IP mode file for STMicroelectronics.X-CUBE-EEPRMA1.5.1.0
2024-04-11 18:48:59,919 [WARN] PackLoader:240 - Cannot read IP mode file for ITTIA_DB.I-CUBE-ITTIADB.8.9.0
2024-04-11 18:48:59,951 [WARN] PackLoader:240 - Cannot read IP mode file for SEGGER.I-CUBE-embOS.1.3.1
2024-04-11 18:48:59,985 [WARN] PackLoader:240 - Cannot read IP mode file for STMicroelectronics.X-CUBE-GNSS1.6.0.0
2024-04-11 18:48:59,999 [WARN] PackLoader:240 - Cannot read IP mode file for STMicroelectronics.X-CUBE-AZRTOS-F4.1.1.0
2024-04-11 18:49:00,001 [INFO] WebApp:192 - Starting web application
2024-04-11 18:49:00,001 [INFO] WebApp:544 - Web application path used C:\ST\STM32CubeIDE_1.9.0\STM32CubeIDE\plugins\com.st.stm32cube.common.mx_6.11.0.202403141607\db\plugins\mcufinder\reactClient1\index.html
2024-04-11 18:49:00,003 [WARN] PackLoader:240 - Cannot read IP mode file for wolfSSL.I-CUBE-wolfSSL.5.6.3
2024-04-11 18:49:00,016 [WARN] PackLoader:240 - Cannot read IP mode file for STMicroelectronics.X-CUBE-AZRTOS-L5.2.0.0
2024-04-11 18:49:00,047 [WARN] PackLoader:240 - Cannot read IP mode file for STMicroelectronics.X-CUBE-MEMS1.9.6.0
2024-04-11 18:49:00,171 [WARN] PackLoader:240 - Cannot read IP mode file for STMicroelectronics.X-CUBE-NFC6.3.1.0
2024-04-11 18:49:00,177 [WARN] PackLoader:240 - Cannot read IP mode file for STMicroelectronics.X-CUBE-BLEMGR.2.0.0
2024-04-11 18:49:00,191 [WARN] ConditionMgr:438 - getConditionDescription Invalid condition id : UX DEVICE CLASS RTOS Condition cause : null
2024-04-11 18:49:00,191 [WARN] ConditionMgr:438 - getConditionDescription Invalid condition id : UX DEVICE CLASS RTOS Condition cause : null
2024-04-11 18:49:00,193 [WARN] PackLoader:240 - Cannot read IP mode file for STMicroelectronics.X-CUBE-AZRTOS-H7.3.1.0
2024-04-11 18:49:00,194 [WARN] ConditionMgr:1039 - genDependencies : Invalid condition id : UX DEVICE CLASS RTOS Condition cause : null
2024-04-11 18:49:00,194 [WARN] ConditionMgr:1039 - genDependencies : Invalid condition id : UX DEVICE CLASS RTOS Condition cause : null
2024-04-11 18:49:00,195 [WARN] ConditionMgr:1039 - genDependencies : Invalid condition id : UX DEVICE CLASS RTOS Condition cause : null
2024-04-11 18:49:00,195 [WARN] ConditionMgr:1039 - genDependencies : Invalid condition id : UX DEVICE CLASS RTOS Condition cause : null
2024-04-11 18:49:00,195 [WARN] ConditionMgr:1039 - genDependencies : Invalid condition id : UX DEVICE CLASS RTOS Condition cause : null
2024-04-11 18:49:00,200 [WARN] PackLoader:240 - Cannot read IP mode file for STMicroelectronics.X-CUBE-NFC7.1.0.1
2024-04-11 18:49:00,205 [WARN] PackLoader:240 - Cannot read IP mode file for STMicroelectronics.X-CUBE-NFC6.3.0.0
2024-04-11 18:49:00,209 [WARN] PackLoader:240 - Cannot read IP mode file for STMicroelectronics.X-CUBE-EEPRMA1.4.1.0
2024-04-11 18:49:00,213 [WARN] PackLoader:240 - Cannot read IP mode file for STMicroelectronics.X-CUBE-AI.8.1.0
2024-04-11 18:49:00,226 [WARN] ConditionMgr:438 - getConditionDescription Invalid condition id : LAN8742 Phy interface Condition cause : null
2024-04-11 18:49:00,227 [WARN] PackLoader:240 - Cannot read IP mode file for STMicroelectronics.X-CUBE-AZRTOS-L4.2.0.0
2024-04-11 18:49:00,233 [WARN] ConditionMgr:1039 - genDependencies : Invalid condition id : LAN8742 Phy interface Condition cause : null
2024-04-11 18:49:00,233 [WARN] ConditionMgr:1039 - genDependencies : Invalid condition id : LAN8742 Phy interface Condition cause : null
2024-04-11 18:49:00,234 [WARN] ConditionMgr:1039 - genDependencies : Invalid condition id : LAN8742 Phy interface Condition cause : null
2024-04-11 18:49:00,242 [WARN] PackLoader:240 - Cannot read IP mode file for STMicroelectronics.X-CUBE-SFXS2LP1.4.0.0
2024-04-11 18:49:00,248 [WARN] PackLoader:240 - Cannot read IP mode file for STMicroelectronics.X-CUBE-ISPU.1.1.0
2024-04-11 18:49:00,258 [WARN] ConditionMgr:438 - getConditionDescription Invalid condition id : UX DEVICE CLASS RTOS Condition cause : null
2024-04-11 18:49:00,258 [WARN] ConditionMgr:438 - getConditionDescription Invalid condition id : UX DEVICE CLASS RTOS Condition cause : null
2024-04-11 18:49:00,259 [WARN] PackLoader:240 - Cannot read IP mode file for STMicroelectronics.X-CUBE-AZRTOS-WB.2.0.0
2024-04-11 18:49:00,260 [WARN] ConditionMgr:1039 - genDependencies : Invalid condition id : UX DEVICE CLASS RTOS Condition cause : null
2024-04-11 18:49:00,260 [WARN] ConditionMgr:1039 - genDependencies : Invalid condition id : UX DEVICE CLASS RTOS Condition cause : null
2024-04-11 18:49:00,260 [WARN] ConditionMgr:1039 - genDependencies : Invalid condition id : UX DEVICE CLASS RTOS Condition cause : null
2024-04-11 18:49:00,260 [WARN] ConditionMgr:1039 - genDependencies : Invalid condition id : UX DEVICE CLASS RTOS Condition cause : null
2024-04-11 18:49:00,260 [WARN] ConditionMgr:1039 - genDependencies : Invalid condition id : UX DEVICE CLASS RTOS Condition cause : null
2024-04-11 18:49:00,264 [WARN] PackLoader:240 - Cannot read IP mode file for STMicroelectronics.X-CUBE-FREERTOS.1.0.1
2024-04-11 18:49:00,275 [WARN] PackLoader:240 - Cannot read IP mode file for STMicroelectronics.X-CUBE-AZRTOS-L5.1.1.0
2024-04-11 18:49:00,278 [WARN] PackLoader:240 - Cannot read IP mode file for STMicroelectronics.X-CUBE-AI.8.0.1
2024-04-11 18:49:00,287 [WARN] PackLoader:240 - Cannot read IP mode file for STMicroelectronics.X-CUBE-SUBG2.5.0.0
2024-04-11 18:49:00,298 [WARN] PackLoader:240 - Cannot read IP mode file for STMicroelectronics.X-CUBE-TOF1.3.3.1
2024-04-11 18:49:00,317 [WARN] PackLoader:240 - Cannot read IP mode file for STMicroelectronics.X-CUBE-AZRTOS-G4.2.0.0
2024-04-11 18:49:00,324 [WARN] PackLoader:240 - Cannot read IP mode file for STMicroelectronics.X-CUBE-TOF1.3.3.0
2024-04-11 18:49:00,334 [WARN] PackLoader:240 - Cannot read IP mode file for STMicroelectronics.FP-SNS-MOTENVWB1.1.3.1
2024-04-11 18:49:00,336 [WARN] PackLoader:240 - Cannot read IP mode file for STMicroelectronics.X-CUBE-ISPU.2.0.0
2024-04-11 18:49:00,363 [WARN] PackLoader:240 - Cannot read IP mode file for STMicroelectronics.X-CUBE-MEMS1.10.0.0
2024-04-11 18:49:00,453 [WARN] PackLoader:240 - Cannot read IP mode file for STMicroelectronics.X-CUBE-FREERTOS.1.1.0
2024-04-11 18:49:00,457 [WARN] PackLoader:240 - Cannot read IP mode file for portGmbH.I-Cube-SoM-uGOAL.1.1.0
2024-04-11 18:49:00,460 [WARN] PackLoader:240 - Cannot read IP mode file for STMicroelectronics.X-CUBE-ALS.1.0.1
2024-04-11 18:49:00,470 [WARN] PackLoader:240 - Cannot read IP mode file for STMicroelectronics.X-CUBE-AZRTOS-WB.1.1.0
2024-04-11 18:49:00,475 [WARN] PackLoader:240 - Cannot read IP mode file for STMicroelectronics.FP-ATR-ASTRA1.2.0.0
2024-04-11 18:49:00,482 [WARN] PackLoader:240 - Cannot read IP mode file for STMicroelectronics.X-CUBE-TOF1.3.4.1
2024-04-11 18:49:00,502 [WARN] PackLoader:240 - Cannot read IP mode file for STMicroelectronics.X-CUBE-AZRTOS-H7.3.2.0
2024-04-11 18:49:00,513 [WARN] PackLoader:240 - Cannot read IP mode file for Infineon.AIROC-Wi-Fi-Bluetooth-STM32.1.6.0
2024-04-11 18:49:00,515 [INFO] ThirdParty:978 - Integrity check success = true
2024-04-11 18:49:00,516 [INFO] IntegrityCheckThread:100 - exiting critical section [integrity check]
2024-04-11 18:49:00,516 [INFO] IntegrityCheckThread:103 - End integrity checks thread
